[2022-06-22T22:36:53.439] [DEBUG] cheese - login => username:admin,password:123456
[2022-06-22T22:36:53.443] [DEBUG] cheese - admin
[2022-06-22T22:36:53.460] [DEBUG] cheese - null
[2022-06-22T22:36:53.461] [DEBUG] cheese - null
[2022-06-22T22:38:48.080] [DEBUG] cheese - login => username:admin,password:123456
[2022-06-22T22:38:48.080] [DEBUG] cheese - admin
[2022-06-22T22:38:48.086] [DEBUG] cheese - null
[2022-06-22T22:38:48.086] [DEBUG] cheese - null
[2022-06-22T22:45:35.672] [DEBUG] cheese - login => username:admin,password:123456
[2022-06-22T22:45:35.675] [DEBUG] cheese - admin
[2022-06-22T22:45:35.726] [DEBUG] cheese - null
[2022-06-22T22:45:35.727] [DEBUG] cheese - null
[2022-06-22T22:48:48.689] [DEBUG] cheese - login => username:admin,password:123456
[2022-06-22T22:48:48.689] [DEBUG] cheese - admin
[2022-06-22T22:48:48.693] [DEBUG] cheese - null
[2022-06-22T22:48:48.693] [DEBUG] cheese - null
[2022-06-22T23:07:03.264] [DEBUG] cheese - login => username:admin,password:123456
[2022-06-22T23:07:03.265] [DEBUG] cheese - admin
[2022-06-22T23:07:03.269] [DEBUG] cheese - null
[2022-06-22T23:07:03.270] [DEBUG] cheese - null
[2022-06-23T22:05:54.854] [DEBUG] cheese - login => username:admin,password:123456
[2022-06-23T22:05:54.858] [DEBUG] cheese - admin
[2022-06-23T22:05:54.896] [DEBUG] cheese - null
[2022-06-23T22:05:54.897] [DEBUG] cheese - null
[2022-06-25T11:14:40.824] [DEBUG] cheese - login => username:admin,password:123456
[2022-06-25T11:14:40.825] [DEBUG] cheese - admin
[2022-06-25T11:14:40.894] [DEBUG] cheese - null
[2022-06-25T11:14:40.895] [DEBUG] cheese - null
[2022-06-27T22:12:42.298] [DEBUG] cheese - login => username:sss,password:sss
[2022-06-27T22:12:42.304] [DEBUG] cheese - sss
[2022-06-27T22:12:42.347] [DEBUG] cheese - null
[2022-06-27T22:12:42.348] [DEBUG] cheese - null
[2022-06-27T22:16:55.456] [DEBUG] cheese - login => username:sdsd,password:sdsd
[2022-06-27T22:16:55.456] [DEBUG] cheese - sdsd
[2022-06-27T22:16:55.465] [DEBUG] cheese - null
[2022-06-27T22:16:55.465] [DEBUG] cheese - null
[2022-06-27T22:23:58.760] [DEBUG] cheese - login => username:aaaa,password:aaa
[2022-06-27T22:23:58.762] [DEBUG] cheese - aaaa
[2022-06-27T22:23:58.778] [DEBUG] cheese - null
[2022-06-27T22:23:58.779] [DEBUG] cheese - null
[2022-06-27T22:25:50.799] [DEBUG] cheese - login => username:cada,password:ss
[2022-06-27T22:25:50.799] [DEBUG] cheese - cada
[2022-06-27T22:25:50.804] [DEBUG] cheese - null
[2022-06-27T22:25:50.804] [DEBUG] cheese - null
[2022-06-27T22:26:11.054] [DEBUG] cheese - login => username:sdsad,password:asdsad
[2022-06-27T22:26:11.055] [DEBUG] cheese - sdsad
[2022-06-27T22:26:11.059] [DEBUG] cheese - null
[2022-06-27T22:26:11.060] [DEBUG] cheese - null
[2022-06-27T22:26:40.973] [DEBUG] cheese - login => username:wq,password:qwq
[2022-06-27T22:26:40.974] [DEBUG] cheese - wq
[2022-06-27T22:26:40.977] [DEBUG] cheese - null
[2022-06-27T22:26:40.977] [DEBUG] cheese - null
[2022-06-30T22:35:04.438] [DEBUG] cheese - login => username:admin,password:123456
[2022-06-30T22:35:04.440] [DEBUG] cheese - admin
[2022-06-30T22:35:04.539] [DEBUG] cheese - null
[2022-06-30T22:35:04.539] [DEBUG] cheese - null
[2022-06-30T22:35:19.008] [DEBUG] cheese - login => username:admin,password:1234562
[2022-06-30T22:35:19.009] [DEBUG] cheese - admin
[2022-06-30T22:35:19.013] [DEBUG] cheese - null
[2022-06-30T22:35:19.013] [DEBUG] cheese - null
[2022-06-30T22:35:44.275] [DEBUG] cheese - login => username:admin,password:123
[2022-06-30T22:35:44.275] [DEBUG] cheese - admin
[2022-06-30T22:35:44.282] [DEBUG] cheese - null
[2022-06-30T22:35:44.283] [DEBUG] cheese - null
[2022-06-30T22:37:59.541] [DEBUG] cheese - login => username:www,password:wwww
[2022-06-30T22:37:59.541] [DEBUG] cheese - www
[2022-06-30T22:37:59.552] [DEBUG] cheese - null
[2022-06-30T22:37:59.552] [DEBUG] cheese - null
[2022-06-30T22:40:56.628] [DEBUG] cheese - login => username:sdsds,password:sdsd
[2022-06-30T22:40:56.628] [DEBUG] cheese - sdsds
[2022-06-30T22:40:56.640] [DEBUG] cheese - null
[2022-06-30T22:40:56.640] [DEBUG] cheese - null
[2022-06-30T22:41:16.025] [DEBUG] cheese - login => username:qwqw,password:qwqw
[2022-06-30T22:41:16.025] [DEBUG] cheese - qwqw
[2022-06-30T22:41:16.029] [DEBUG] cheese - null
[2022-06-30T22:41:16.030] [DEBUG] cheese - null
[2022-06-30T22:41:31.012] [DEBUG] cheese - login => username:admin,password:1234567
[2022-06-30T22:41:31.013] [DEBUG] cheese - admin
[2022-06-30T22:41:31.021] [DEBUG] cheese - null
[2022-06-30T22:41:31.021] [DEBUG] cheese - null
[2022-06-30T22:41:40.505] [DEBUG] cheese - login => username:admin,password:123456
[2022-06-30T22:41:40.505] [DEBUG] cheese - admin
[2022-06-30T22:41:40.511] [DEBUG] cheese - null
[2022-06-30T22:41:40.512] [DEBUG] cheese - null
[2022-06-30T22:41:42.326] [DEBUG] cheese - login => username:admin,password:123456
[2022-06-30T22:41:42.327] [DEBUG] cheese - admin
[2022-06-30T22:41:42.331] [DEBUG] cheese - null
[2022-06-30T22:41:42.331] [DEBUG] cheese - null
[2022-06-30T22:43:07.105] [DEBUG] cheese - login => username:admin,password:123456
[2022-06-30T22:43:07.106] [DEBUG] cheese - admin
[2022-06-30T22:43:07.118] [DEBUG] cheese - null
[2022-06-30T22:43:07.118] [DEBUG] cheese - null
[2022-06-30T22:53:52.330] [DEBUG] cheese - login => username:admin,password:123456
[2022-06-30T22:53:52.330] [DEBUG] cheese - admin
[2022-06-30T22:53:52.343] [DEBUG] cheese - null
[2022-06-30T22:53:52.344] [DEBUG] cheese - null
[2022-06-30T22:54:23.825] [DEBUG] cheese - login => username:admin,password:123456
[2022-06-30T22:54:23.825] [DEBUG] cheese - admin
[2022-06-30T22:54:23.834] [DEBUG] cheese - null
[2022-06-30T22:54:23.834] [DEBUG] cheese - null
[2022-07-01T23:33:49.560] [DEBUG] cheese - login => username:admin,password:123456
[2022-07-01T23:33:49.561] [DEBUG] cheese - admin
[2022-07-01T23:33:49.596] [DEBUG] cheese - null
[2022-07-01T23:33:49.596] [DEBUG] cheese - null
[2022-07-01T23:35:49.216] [DEBUG] cheese - login => username:admin,password:123456
[2022-07-01T23:35:49.217] [DEBUG] cheese - admin
[2022-07-01T23:35:49.256] [DEBUG] cheese - null
[2022-07-01T23:35:49.256] [DEBUG] cheese - null
[2022-07-01T23:36:19.896] [DEBUG] cheese - login => username:admin,password:123456
[2022-07-01T23:36:19.896] [DEBUG] cheese - admin
[2022-07-01T23:36:19.901] [DEBUG] cheese - null
[2022-07-01T23:36:19.901] [DEBUG] cheese - null
[2023-02-14T02:00:00.455] [DEBUG] cheese - login => username:12,password:ewrw
[2023-02-14T02:00:00.456] [DEBUG] cheese - 12
[2023-02-14T02:00:00.461] [DEBUG] cheese - null
[2023-02-14T02:00:00.462] [DEBUG] cheese - null
[2023-02-14T02:06:41.929] [DEBUG] cheese - login => username:112312,password:32
[2023-02-14T02:06:41.930] [DEBUG] cheese - 112312
[2023-02-14T02:06:41.932] [DEBUG] cheese - null
[2023-02-14T02:06:41.932] [DEBUG] cheese - null
[2023-02-14T02:06:49.061] [DEBUG] cheese - login => username:admin,password:32
[2023-02-14T02:06:49.062] [DEBUG] cheese - admin
[2023-02-14T02:06:49.065] [DEBUG] cheese - null
[2023-02-14T02:06:49.065] [DEBUG] cheese - null
[2023-02-14T02:06:53.008] [DEBUG] cheese - login => username:admin,password:123456
[2023-02-14T02:06:53.008] [DEBUG] cheese - admin
[2023-02-14T02:06:53.011] [DEBUG] cheese - null
[2023-02-14T02:06:53.011] [DEBUG] cheese - null
[2023-02-14T02:08:39.395] [DEBUG] cheese - login => username:admin,password:123456
[2023-02-14T02:08:39.396] [DEBUG] cheese - admin
[2023-02-14T02:08:39.398] [DEBUG] cheese - null
[2023-02-14T02:08:39.398] [DEBUG] cheese - null
[2023-02-14T02:08:40.801] [DEBUG] cheese - login => username:admin,password:123456
[2023-02-14T02:08:40.801] [DEBUG] cheese - admin
[2023-02-14T02:08:40.803] [DEBUG] cheese - null
[2023-02-14T02:08:40.803] [DEBUG] cheese - null
[2023-02-14T02:09:58.154] [DEBUG] cheese - login => username:admin,password:123456
[2023-02-14T02:09:58.154] [DEBUG] cheese - admin
[2023-02-14T02:09:58.156] [DEBUG] cheese - null
[2023-02-14T02:09:58.156] [DEBUG] cheese - null
[2023-02-14T02:11:44.656] [DEBUG] cheese - login => username:admin,password:123456
[2023-02-14T02:11:44.656] [DEBUG] cheese - admin
[2023-02-14T02:11:44.658] [DEBUG] cheese - null
[2023-02-14T02:11:44.658] [DEBUG] cheese - null
[2023-02-14T02:11:46.004] [DEBUG] cheese - login => username:admin,password:123456
[2023-02-14T02:11:46.004] [DEBUG] cheese - admin
[2023-02-14T02:11:46.006] [DEBUG] cheese - null
[2023-02-14T02:11:46.006] [DEBUG] cheese - null
[2023-02-14T02:14:20.613] [DEBUG] cheese - login => username:admin,password:123456
[2023-02-14T02:14:20.613] [DEBUG] cheese - admin
[2023-02-14T02:14:20.615] [DEBUG] cheese - null
[2023-02-14T02:14:20.616] [DEBUG] cheese - null
[2023-02-14T02:14:25.263] [DEBUG] cheese - login => username:asdf,password:asdf
[2023-02-14T02:14:25.263] [DEBUG] cheese - asdf
[2023-02-14T02:14:25.264] [DEBUG] cheese - null
[2023-02-14T02:14:25.264] [DEBUG] cheese - null
[2023-02-14T02:14:33.701] [DEBUG] cheese - login => username:admin,password:123456
[2023-02-14T02:14:33.701] [DEBUG] cheese - admin
[2023-02-14T02:14:33.703] [DEBUG] cheese - null
[2023-02-14T02:14:33.704] [DEBUG] cheese - null
[2023-02-14T17:17:10.317] [DEBUG] cheese - login => username:qwer,password:qwer
[2023-02-14T17:17:10.318] [DEBUG] cheese - qwer
[2023-02-14T17:17:10.324] [DEBUG] cheese - null
[2023-02-14T17:17:10.324] [DEBUG] cheese - null
[2023-02-14T17:17:17.530] [DEBUG] cheese - login => username:admin,password:qwer
[2023-02-14T17:17:17.530] [DEBUG] cheese - admin
[2023-02-14T17:17:17.534] [DEBUG] cheese - null
[2023-02-14T17:17:17.534] [DEBUG] cheese - null
[2023-02-14T17:17:20.682] [DEBUG] cheese - login => username:admin,password:123456
[2023-02-14T17:17:20.682] [DEBUG] cheese - admin
[2023-02-14T17:17:20.684] [DEBUG] cheese - null
[2023-02-14T17:17:20.684] [DEBUG] cheese - null
[2023-02-14T17:17:30.704] [DEBUG] cheese - login => username:admin,password:123456
[2023-02-14T17:17:30.704] [DEBUG] cheese - admin
[2023-02-14T17:17:30.706] [DEBUG] cheese - null
[2023-02-14T17:17:30.706] [DEBUG] cheese - null
[2023-02-14T18:18:26.676] [DEBUG] cheese - login => username:admin,password:123456
[2023-02-14T18:18:26.676] [DEBUG] cheese - admin
[2023-02-14T18:18:26.679] [DEBUG] cheese - null
[2023-02-14T18:18:26.679] [DEBUG] cheese - null
[2023-02-14T18:18:49.966] [DEBUG] cheese - login => username:admin,password:123456
[2023-02-14T18:18:49.966] [DEBUG] cheese - admin
[2023-02-14T18:18:49.969] [DEBUG] cheese - null
[2023-02-14T18:18:49.969] [DEBUG] cheese - null
[2023-02-14T19:05:00.536] [DEBUG] cheese - login => username:admin,password:123456
[2023-02-14T19:05:00.536] [DEBUG] cheese - admin
[2023-02-14T19:05:00.539] [DEBUG] cheese - null
[2023-02-14T19:05:00.539] [DEBUG] cheese - null
[2023-02-14T19:05:24.111] [DEBUG] cheese - login => username:admin,password:123456
[2023-02-14T19:05:24.112] [DEBUG] cheese - admin
[2023-02-14T19:05:24.114] [DEBUG] cheese - null
[2023-02-14T19:05:24.115] [DEBUG] cheese - null
[2023-02-14T19:06:27.736] [DEBUG] cheese - login => username:admin,password:123456
[2023-02-14T19:06:27.736] [DEBUG] cheese - admin
[2023-02-14T19:06:27.740] [DEBUG] cheese - null
[2023-02-14T19:06:27.740] [DEBUG] cheese - null
[2023-02-14T19:12:41.002] [DEBUG] cheese - login => username:admin,password:123456
[2023-02-14T19:12:41.002] [DEBUG] cheese - admin
[2023-02-14T19:12:41.006] [DEBUG] cheese - null
[2023-02-14T19:12:41.006] [DEBUG] cheese - null
[2023-02-14T19:16:26.447] [DEBUG] cheese - login => username:admin,password:123456
[2023-02-14T19:16:26.447] [DEBUG] cheese - admin
[2023-02-14T19:16:26.450] [DEBUG] cheese - null
[2023-02-14T19:16:26.450] [DEBUG] cheese - null
[2023-02-14T19:18:57.416] [DEBUG] cheese - login => username:admin,password:123456
[2023-02-14T19:18:57.416] [DEBUG] cheese - admin
[2023-02-14T19:18:57.418] [DEBUG] cheese - null
[2023-02-14T19:18:57.418] [DEBUG] cheese - null
[2023-02-14T19:38:31.097] [DEBUG] cheese - login => username:admin,password:123456
[2023-02-14T19:38:31.097] [DEBUG] cheese - admin
[2023-02-14T19:38:31.099] [DEBUG] cheese - null
[2023-02-14T19:38:31.100] [DEBUG] cheese - null
[2023-02-14T23:45:35.169] [DEBUG] cheese - login => username:admin,password:123456
[2023-02-14T23:45:35.169] [DEBUG] cheese - admin
[2023-02-14T23:45:35.171] [DEBUG] cheese - null
[2023-02-14T23:45:35.171] [DEBUG] cheese - null
[2023-02-15T00:26:05.899] [DEBUG] cheese - login => username:admin,password:123456
[2023-02-15T00:26:05.899] [DEBUG] cheese - admin
[2023-02-15T00:26:05.902] [DEBUG] cheese - null
[2023-02-15T00:26:05.902] [DEBUG] cheese - null
[2023-02-15T00:51:11.266] [DEBUG] cheese - login => username:testttt,password:1234
[2023-02-15T00:51:11.266] [DEBUG] cheese - testttt
[2023-02-15T00:51:11.269] [DEBUG] cheese - null
[2023-02-15T00:51:11.269] [DEBUG] cheese - null
[2023-02-15T00:51:13.234] [DEBUG] cheese - login => username:testttt,password:1234
[2023-02-15T00:51:13.234] [DEBUG] cheese - testttt
[2023-02-15T00:51:13.236] [DEBUG] cheese - null
[2023-02-15T00:51:13.237] [DEBUG] cheese - null
[2023-02-15T00:51:14.804] [DEBUG] cheese - login => username:testttt,password:1234
[2023-02-15T00:51:14.804] [DEBUG] cheese - testttt
[2023-02-15T00:51:14.807] [DEBUG] cheese - null
[2023-02-15T00:51:14.807] [DEBUG] cheese - null
[2023-02-15T00:51:16.049] [DEBUG] cheese - login => username:testttt,password:1234
[2023-02-15T00:51:16.049] [DEBUG] cheese - testttt
[2023-02-15T00:51:16.052] [DEBUG] cheese - null
[2023-02-15T00:51:16.052] [DEBUG] cheese - null
[2023-02-15T00:51:17.253] [DEBUG] cheese - login => username:testttt,password:1234
[2023-02-15T00:51:17.253] [DEBUG] cheese - testttt
[2023-02-15T00:51:17.256] [DEBUG] cheese - null
[2023-02-15T00:51:17.256] [DEBUG] cheese - null
[2023-02-15T00:51:17.760] [DEBUG] cheese - login => username:testttt,password:1234
[2023-02-15T00:51:17.760] [DEBUG] cheese - testttt
[2023-02-15T00:51:17.762] [DEBUG] cheese - null
[2023-02-15T00:51:17.762] [DEBUG] cheese - null
[2023-02-15T00:51:18.048] [DEBUG] cheese - login => username:testttt,password:1234
[2023-02-15T00:51:18.048] [DEBUG] cheese - testttt
[2023-02-15T00:51:18.050] [DEBUG] cheese - null
[2023-02-15T00:51:18.050] [DEBUG] cheese - null
[2023-02-15T00:51:18.440] [DEBUG] cheese - login => username:testttt,password:1234
[2023-02-15T00:51:18.440] [DEBUG] cheese - testttt
[2023-02-15T00:51:18.442] [DEBUG] cheese - null
[2023-02-15T00:51:18.442] [DEBUG] cheese - null
[2023-02-15T00:51:18.961] [DEBUG] cheese - login => username:testttt,password:1234
[2023-02-15T00:51:18.961] [DEBUG] cheese - testttt
[2023-02-15T00:51:18.963] [DEBUG] cheese - null
[2023-02-15T00:51:18.963] [DEBUG] cheese - null
[2023-02-15T00:51:19.199] [DEBUG] cheese - login => username:testttt,password:1234
[2023-02-15T00:51:19.200] [DEBUG] cheese - testttt
[2023-02-15T00:51:19.202] [DEBUG] cheese - null
[2023-02-15T00:51:19.202] [DEBUG] cheese - null
[2023-02-15T00:51:19.462] [DEBUG] cheese - login => username:testttt,password:1234
[2023-02-15T00:51:19.462] [DEBUG] cheese - testttt
[2023-02-15T00:51:19.464] [DEBUG] cheese - null
[2023-02-15T00:51:19.464] [DEBUG] cheese - null
[2023-02-15T00:51:19.856] [DEBUG] cheese - login => username:testttt,password:1234
[2023-02-15T00:51:19.856] [DEBUG] cheese - testttt
[2023-02-15T00:51:19.858] [DEBUG] cheese - null
[2023-02-15T00:51:19.858] [DEBUG] cheese - null
[2023-02-15T11:27:30.650] [DEBUG] cheese - login => username:admin,password:123456
[2023-02-15T11:27:30.651] [DEBUG] cheese - admin
[2023-02-15T11:27:30.665] [DEBUG] cheese - null
[2023-02-15T11:27:30.666] [DEBUG] cheese - null
[2023-02-15T11:29:16.819] [DEBUG] cheese - login => username:admin,password:123456
[2023-02-15T11:29:16.819] [DEBUG] cheese - admin
[2023-02-15T11:29:16.821] [DEBUG] cheese - null
[2023-02-15T11:29:16.822] [DEBUG] cheese - null
[2023-02-15T11:31:28.915] [DEBUG] cheese - login => username:admin,password:123456
[2023-02-15T11:31:28.916] [DEBUG] cheese - admin
[2023-02-15T11:31:28.918] [DEBUG] cheese - null
[2023-02-15T11:31:28.918] [DEBUG] cheese - null
[2023-02-15T11:31:52.020] [DEBUG] cheese - login => username:admin,password:123456
[2023-02-15T11:31:52.020] [DEBUG] cheese - admin
[2023-02-15T11:31:52.023] [DEBUG] cheese - null
[2023-02-15T11:31:52.023] [DEBUG] cheese - null
[2023-02-15T11:33:24.333] [DEBUG] cheese - login => username:admin,password:123456
[2023-02-15T11:33:24.333] [DEBUG] cheese - admin
[2023-02-15T11:33:24.336] [DEBUG] cheese - null
[2023-02-15T11:33:24.336] [DEBUG] cheese - null
[2023-02-15T11:41:26.253] [DEBUG] cheese - login => username:admin,password:123456
[2023-02-15T11:41:26.254] [DEBUG] cheese - admin
[2023-02-15T11:41:26.258] [DEBUG] cheese - null
[2023-02-15T11:41:26.258] [DEBUG] cheese - null
[2023-02-15T13:24:28.922] [DEBUG] cheese - login => username:admin,password:123456
[2023-02-15T13:24:28.922] [DEBUG] cheese - admin
[2023-02-15T13:24:28.925] [DEBUG] cheese - null
[2023-02-15T13:24:28.925] [DEBUG] cheese - null
[2023-02-15T13:49:20.454] [DEBUG] cheese - login => username:admin,password:123456
[2023-02-15T13:49:20.455] [DEBUG] cheese - admin
[2023-02-15T13:49:20.457] [DEBUG] cheese - null
[2023-02-15T13:49:20.457] [DEBUG] cheese - null
[2023-02-15T13:56:45.115] [DEBUG] cheese - login => username:admin,password:123456
[2023-02-15T13:56:45.115] [DEBUG] cheese - admin
[2023-02-15T13:56:45.117] [DEBUG] cheese - null
[2023-02-15T13:56:45.118] [DEBUG] cheese - null
[2023-02-15T14:01:39.311] [DEBUG] cheese - login => username:admin,password:123456
[2023-02-15T14:01:39.311] [DEBUG] cheese - admin
[2023-02-15T14:01:39.314] [DEBUG] cheese - null
[2023-02-15T14:01:39.314] [DEBUG] cheese - null
[2023-02-15T14:01:46.378] [DEBUG] cheese - login => username:234,password:234234
[2023-02-15T14:01:46.379] [DEBUG] cheese - 234
[2023-02-15T14:01:46.380] [DEBUG] cheese - null
[2023-02-15T14:01:46.381] [DEBUG] cheese - null
[2023-02-15T14:01:47.429] [DEBUG] cheese - login => username:234,password:234234
[2023-02-15T14:01:47.429] [DEBUG] cheese - 234
[2023-02-15T14:01:47.431] [DEBUG] cheese - null
[2023-02-15T14:01:47.431] [DEBUG] cheese - null
[2023-02-15T14:01:48.351] [DEBUG] cheese - login => username:234,password:234234
[2023-02-15T14:01:48.351] [DEBUG] cheese - 234
[2023-02-15T14:01:48.353] [DEBUG] cheese - null
[2023-02-15T14:01:48.354] [DEBUG] cheese - null
[2023-02-15T14:01:48.786] [DEBUG] cheese - login => username:234,password:234234
[2023-02-15T14:01:48.786] [DEBUG] cheese - 234
[2023-02-15T14:01:48.788] [DEBUG] cheese - null
[2023-02-15T14:01:48.788] [DEBUG] cheese - null
[2023-02-15T14:01:48.949] [DEBUG] cheese - login => username:234,password:234234
[2023-02-15T14:01:48.949] [DEBUG] cheese - 234
[2023-02-15T14:01:48.951] [DEBUG] cheese - null
[2023-02-15T14:01:48.951] [DEBUG] cheese - null
[2023-02-15T14:01:50.155] [DEBUG] cheese - login => username:234,password:234234
[2023-02-15T14:01:50.156] [DEBUG] cheese - 234
[2023-02-15T14:01:50.157] [DEBUG] cheese - null
[2023-02-15T14:01:50.158] [DEBUG] cheese - null
[2023-02-15T14:01:50.998] [DEBUG] cheese - login => username:234,password:234234
[2023-02-15T14:01:50.998] [DEBUG] cheese - 234
[2023-02-15T14:01:51.001] [DEBUG] cheese - null
[2023-02-15T14:01:51.001] [DEBUG] cheese - null
[2023-02-15T14:01:51.965] [DEBUG] cheese - login => username:234,password:234234
[2023-02-15T14:01:51.965] [DEBUG] cheese - 234
[2023-02-15T14:01:51.967] [DEBUG] cheese - null
[2023-02-15T14:01:51.968] [DEBUG] cheese - null
[2023-02-15T14:04:12.767] [DEBUG] cheese - login => username:admin,password:123456
[2023-02-15T14:04:12.767] [DEBUG] cheese - admin
[2023-02-15T14:04:12.769] [DEBUG] cheese - null
[2023-02-15T14:04:12.769] [DEBUG] cheese - null
